<?xml version="1.0" encoding="UTF-8"?>
<!-- Generated by org.testng.reporters.JUnitReportReporter -->
<testsuite hostname="Anushri" failures="0" tests="4" name="test.CreateAccountTestClass" time="45.236" errors="0" timestamp="2024-10-15T19:07:18 IST" skipped="0">
  <testcase classname="test.CreateAccountTestClass" name="validationcreateAccountButton" time="17.661"/>
  <system-out/>
  <testcase classname="test.CreateAccountTestClass" name="validationcreateAccountButton" time="10.348"/>
  <system-out/>
  <testcase classname="test.CreateAccountTestClass" name="verificationOfMetaPayLink" time="7.683"/>
  <system-out/>
  <testcase classname="test.CreateAccountTestClass" name="verificationOfMetaPayLink" time="9.544"/>
  <system-out/>
</testsuite> <!-- test.CreateAccountTestClass -->
