<?xml version="1.0" encoding="UTF-8"?>
<!-- Generated by org.testng.reporters.JUnitReportReporter -->
<testsuite hostname="Anushri" failures="0" tests="1" name="test.TestClass_2" time="7.769" errors="0" timestamp="2024-09-27T18:14:03 IST" skipped="0">
  <testcase classname="test.TestClass_2" name="Test_1" time="7.769"/>
  <system-out/>
</testsuite> <!-- test.TestClass_2 -->
