<?xml version="1.0" encoding="UTF-8"?>
<!-- Generated by org.testng.reporters.JUnitReportReporter -->
<testsuite hostname="Anushri" failures="0" tests="2" name="test.LoginSignUpFacebook" time="13.129" errors="0" timestamp="2024-10-15T19:07:18 IST" skipped="0">
  <testcase classname="test.LoginSignUpFacebook" name="validationOfCreateNewAccountButton" time="3.078"/>
  <system-out/>
  <testcase classname="test.LoginSignUpFacebook" name="validationOfCreateNewAccountButton" time="10.051"/>
  <system-out/>
</testsuite> <!-- test.LoginSignUpFacebook -->
