<?xml version="1.0" encoding="UTF-8"?>
<!-- Generated by org.testng.reporters.JUnitReportReporter -->
<testsuite hostname="Anushri" failures="0" tests="1" name="test.TestClass" time="1.834" errors="0" timestamp="2024-09-27T17:46:53 IST" skipped="0">
  <testcase classname="test.TestClass" name="Test_1" time="1.834"/>
  <system-out/>
</testsuite> <!-- test.TestClass -->
